# JRE version: OpenJDK Runtime Environment (21.0.3) (build 21.0.3+-12282718-b509.11)
# Java VM: OpenJDK 64-Bit Server VM (21.0.3+-12282718-b509.11, mixed mode, tiered, compressed oops, compressed class ptrs, g1 gc, windows-amd64)
GC Precious Log:
 CardTable entry size: 512
 Card Set container configuration: InlinePtr #cards 5 size 8 Array Of Cards #cards 12 size 40 Howl #buckets 4 coarsen threshold 1843 Howl Bitmap #cards 512 size 80 coarsen threshold 460 Card regions per heap region 1 cards per card region 2048
 CPUs: 12 total, 12 available
 Memory: 5989M
 Large Page Support: Disabled
 NUMA Support: Disabled
 Compressed Oops: Enabled (32-bit)
 Heap Region Size: 1M
 Heap Min Capacity: 8M
 Heap Initial Capacity: 94M
 Heap Max Capacity: 2G
 Pre-touch: Disabled
 Parallel Workers: 10
 Concurrent Workers: 3
 Concurrent Refinement Workers: 10
 Periodic GC: Disabled
Heap:
 garbage-first heap   total 353280K, used 277504K [0x0000000080000000, 0x0000000100000000)
  region size 1024K, 117 young (119808K), 7 survivors (7168K)
 Metaspace       used 128585K, committed 130752K, reserved 1179648K
  class space    used 17318K, committed 18432K, reserved 1048576K
GC Heap History (20 events):
Event: 29.673 GC heap before
{Heap before GC invocations=41 (full 0):
 garbage-first heap   total 173056K, used 147125K [0x0000000080000000, 0x0000000100000000)
  region size 1024K, 51 young (52224K), 7 survivors (7168K)
 Metaspace       used 108153K, committed 110208K, reserved 1179648K
  class space    used 14947K, committed 16000K, reserved 1048576K
}
Event: 29.684 GC heap after
{Heap after GC invocations=42 (full 0):
 garbage-first heap   total 173056K, used 104281K [0x0000000080000000, 0x0000000100000000)
  region size 1024K, 6 young (6144K), 6 survivors (6144K)
 Metaspace       used 108153K, committed 110208K, reserved 1179648K
  class space    used 14947K, committed 16000K, reserved 1048576K
}
Event: 30.911 GC heap before
{Heap before GC invocations=42 (full 0):
 garbage-first heap   total 173056K, used 156505K [0x0000000080000000, 0x0000000100000000)
  region size 1024K, 57 young (58368K), 6 survivors (6144K)
 Metaspace       used 112239K, committed 114304K, reserved 1179648K
  class space    used 15461K, committed 16512K, reserved 1048576K
}
Event: 30.934 GC heap after
{Heap after GC invocations=43 (full 0):
 garbage-first heap   total 207872K, used 107421K [0x0000000080000000, 0x0000000100000000)
  region size 1024K, 7 young (7168K), 7 survivors (7168K)
 Metaspace       used 112239K, committed 114304K, reserved 1179648K
  class space    used 15461K, committed 16512K, reserved 1048576K
}
Event: 32.507 GC heap before
{Heap before GC invocations=43 (full 0):
 garbage-first heap   total 207872K, used 187293K [0x0000000080000000, 0x0000000100000000)
  region size 1024K, 86 young (88064K), 7 survivors (7168K)
 Metaspace       used 114567K, committed 116672K, reserved 1179648K
  class space    used 15863K, committed 16896K, reserved 1048576K
}
Event: 32.523 GC heap after
{Heap after GC invocations=44 (full 0):
 garbage-first heap   total 207872K, used 113756K [0x0000000080000000, 0x0000000100000000)
  region size 1024K, 10 young (10240K), 10 survivors (10240K)
 Metaspace       used 114567K, committed 116672K, reserved 1179648K
  class space    used 15863K, committed 16896K, reserved 1048576K
}
Event: 32.527 GC heap before
{Heap before GC invocations=44 (full 0):
 garbage-first heap   total 207872K, used 113756K [0x0000000080000000, 0x0000000100000000)
  region size 1024K, 12 young (12288K), 10 survivors (10240K)
 Metaspace       used 114567K, committed 116672K, reserved 1179648K
  class space    used 15863K, committed 16896K, reserved 1048576K
}
Event: 32.538 GC heap after
{Heap after GC invocations=45 (full 0):
 garbage-first heap   total 207872K, used 114440K [0x0000000080000000, 0x0000000100000000)
  region size 1024K, 1 young (1024K), 1 survivors (1024K)
 Metaspace       used 114567K, committed 116672K, reserved 1179648K
  class space    used 15863K, committed 16896K, reserved 1048576K
}
Event: 35.353 GC heap before
{Heap before GC invocations=46 (full 0):
 garbage-first heap   total 207872K, used 205576K [0x0000000080000000, 0x0000000100000000)
  region size 1024K, 77 young (78848K), 1 survivors (1024K)
 Metaspace       used 117984K, committed 120064K, reserved 1179648K
  class space    used 16153K, committed 17216K, reserved 1048576K
}
Event: 35.403 GC heap after
{Heap after GC invocations=47 (full 0):
 garbage-first heap   total 228352K, used 136796K [0x0000000080000000, 0x0000000100000000)
  region size 1024K, 10 young (10240K), 10 survivors (10240K)
 Metaspace       used 117984K, committed 120064K, reserved 1179648K
  class space    used 16153K, committed 17216K, reserved 1048576K
}
Event: 37.620 GC heap before
{Heap before GC invocations=47 (full 0):
 garbage-first heap   total 228352K, used 206428K [0x0000000080000000, 0x0000000100000000)
  region size 1024K, 72 young (73728K), 10 survivors (10240K)
 Metaspace       used 118633K, committed 120768K, reserved 1179648K
  class space    used 16206K, committed 17280K, reserved 1048576K
}
Event: 37.678 GC heap after
{Heap after GC invocations=48 (full 0):
 garbage-first heap   total 233472K, used 148480K [0x0000000080000000, 0x0000000100000000)
  region size 1024K, 9 young (9216K), 9 survivors (9216K)
 Metaspace       used 118633K, committed 120768K, reserved 1179648K
  class space    used 16206K, committed 17280K, reserved 1048576K
}
Event: 37.868 GC heap before
{Heap before GC invocations=48 (full 0):
 garbage-first heap   total 233472K, used 155648K [0x0000000080000000, 0x0000000100000000)
  region size 1024K, 18 young (18432K), 9 survivors (9216K)
 Metaspace       used 118660K, committed 120768K, reserved 1179648K
  class space    used 16209K, committed 17280K, reserved 1048576K
}
Event: 37.905 GC heap after
{Heap after GC invocations=49 (full 0):
 garbage-first heap   total 233472K, used 155979K [0x0000000080000000, 0x0000000100000000)
  region size 1024K, 7 young (7168K), 7 survivors (7168K)
 Metaspace       used 118660K, committed 120768K, reserved 1179648K
  class space    used 16209K, committed 17280K, reserved 1048576K
}
Event: 39.253 GC heap before
{Heap before GC invocations=50 (full 0):
 garbage-first heap   total 293888K, used 222539K [0x0000000080000000, 0x0000000100000000)
  region size 1024K, 58 young (59392K), 7 survivors (7168K)
 Metaspace       used 120260K, committed 122432K, reserved 1179648K
  class space    used 16354K, committed 17472K, reserved 1048576K
}
Event: 39.277 GC heap after
{Heap after GC invocations=51 (full 0):
 garbage-first heap   total 293888K, used 158699K [0x0000000080000000, 0x0000000100000000)
  region size 1024K, 8 young (8192K), 8 survivors (8192K)
 Metaspace       used 120260K, committed 122432K, reserved 1179648K
  class space    used 16354K, committed 17472K, reserved 1048576K
}
Event: 40.429 GC heap before
{Heap before GC invocations=51 (full 0):
 garbage-first heap   total 293888K, used 257003K [0x0000000080000000, 0x0000000100000000)
  region size 1024K, 105 young (107520K), 8 survivors (8192K)
 Metaspace       used 123658K, committed 125824K, reserved 1179648K
  class space    used 16664K, committed 17792K, reserved 1048576K
}
Event: 40.511 GC heap after
{Heap after GC invocations=52 (full 0):
 garbage-first heap   total 353280K, used 167994K [0x0000000080000000, 0x0000000100000000)
  region size 1024K, 12 young (12288K), 12 survivors (12288K)
 Metaspace       used 123658K, committed 125824K, reserved 1179648K
  class space    used 16664K, committed 17792K, reserved 1048576K
}
Event: 44.429 GC heap before
{Heap before GC invocations=52 (full 0):
 garbage-first heap   total 353280K, used 293946K [0x0000000080000000, 0x0000000100000000)
  region size 1024K, 136 young (139264K), 12 survivors (12288K)
 Metaspace       used 126431K, committed 128576K, reserved 1179648K
  class space    used 16979K, committed 18048K, reserved 1048576K
}
Event: 44.550 GC heap after
{Heap after GC invocations=53 (full 0):
 garbage-first heap   total 353280K, used 166912K [0x0000000080000000, 0x0000000100000000)
  region size 1024K, 7 young (7168K), 7 survivors (7168K)
 Metaspace       used 126431K, committed 128576K, reserved 1179648K
  class space    used 16979K, committed 18048K, reserved 1048576K
}

